Arguments: 
  /usr/local/Cellar/node/17.3.0/bin/node /usr/local/Cellar/yarn/1.22.17_1/libexec/bin/yarn.js install

PATH: 
  /Users/kovacsfulop/.scripts:/Library/Frameworks/Python.framework/Versions/3.8/bin:/usr/local/opt/git/bin/:/usr/local/opt/gnu-sed/libexec/gnubin:/usr/local/opt/texinfo/bin:/Users/kovacsfulop/.poetry/bin:/usr/local/opt/fzf/bin:/usr/local/bin:/usr/bin:/bin:/usr/sbin:/sbin:/opt/X11/bin:/Applications/VMware Fusion.app/Contents/Public:/usr/local/MacGPG2/bin:/Library/TeX/texbin:/Users/kovacsfulop/.scripts:/Library/Frameworks/Python.framework/Versions/3.8/bin:/usr/local/opt/git/bin/:/usr/local/opt/gnu-sed/libexec/gnubin:/Applications/kitty.app/Contents/MacOS:/opt/WebDriver/bin:/opt/WebDriver/bin

Yarn version: 
  1.22.17

Node version: 
  17.3.0

Platform: 
  darwin x64

Trace: 
  Error: getaddrinfo ENOTFOUND registry.yarnpkg.com
      at GetAddrInfoReqWrap.onlookup [as oncomplete] (node:dns:72:26)

npm manifest: 
  {
    "name": "bot-demo",
    "version": "0.0.0",
    "scripts": {
      "dev": "vite",
      "build": "tsc && vite build",
      "preview": "vite preview"
    },
    "dependencies": {
      "react": "^17.0.2",
      "react-dom": "^17.0.2"
    },
    "devDependencies": {
      "@types/react": "^17.0.33",
      "@types/react-dom": "^17.0.10",
      "@vitejs/plugin-react": "^1.0.7",
      "typescript": "^4.4.4",
      "vite": "^2.7.2"
    }
  }

yarn manifest: 
  No manifest

Lockfile: 
  No lockfile
